{"C:\\Users\\Siman\\source\\repos\\Simangaliso-Njabulo\\budgeting_app\\src\\components\\common\\EmptyState.tsx": {"path":"C:\\Users\\Siman\\source\\repos\\Simangaliso-Njabulo\\budgeting_app\\src\\components\\common\\EmptyState.tsx","statementMap":{"0":{"start":{"line":12,"column":19},"end":{"line":28,"column":null}},"1":{"start":{"line":13,"column":2},"end":{"line":26,"column":null}}},"fnMap":{"0":{"name":"(anonymous_0)","decl":{"start":{"line":12,"column":19},"end":{"line":12,"column":20}},"loc":{"start":{"line":12,"column":99},"end":{"line":28,"column":null}},"line":12}},"branchMap":{"0":{"loc":{"start":{"line":20,"column":7},"end":{"line":24,"column":null}},"type":"binary-expr","locations":[{"start":{"line":20,"column":7},"end":{"line":20,"column":22}},{"start":{"line":20,"column":22},"end":{"line":20,"column":null}},{"start":{"line":21,"column":8},"end":{"line":24,"column":null}}],"line":20}},"s":{"0":1,"1":12},"f":{"0":12},"b":{"0":[12,4,3]},"meta":{"lastBranch":1,"lastFunction":1,"lastStatement":2,"seen":{"s:12:19:28:Infinity":0,"f:12:19:12:20":0,"s:13:2:26:Infinity":1,"b:20:7:20:22:20:22:20:Infinity:21:8:24:Infinity":0}}}
,"C:\\Users\\Siman\\source\\repos\\Simangaliso-Njabulo\\budgeting_app\\src\\components\\common\\Toast.tsx": {"path":"C:\\Users\\Siman\\source\\repos\\Simangaliso-Njabulo\\budgeting_app\\src\\components\\common\\Toast.tsx","statementMap":{"0":{"start":{"line":19,"column":14},"end":{"line":56,"column":null}},"1":{"start":{"line":20,"column":32},"end":{"line":20,"column":null}},"2":{"start":{"line":22,"column":2},"end":{"line":31,"column":null}},"3":{"start":{"line":23,"column":4},"end":{"line":23,"column":null}},"4":{"start":{"line":23,"column":20},"end":{"line":23,"column":null}},"5":{"start":{"line":25,"column":18},"end":{"line":28,"column":null}},"6":{"start":{"line":26,"column":6},"end":{"line":26,"column":null}},"7":{"start":{"line":27,"column":6},"end":{"line":27,"column":null}},"8":{"start":{"line":30,"column":4},"end":{"line":30,"column":null}},"9":{"start":{"line":30,"column":17},"end":{"line":30,"column":null}},"10":{"start":{"line":33,"column":2},"end":{"line":33,"column":null}},"11":{"start":{"line":33,"column":32},"end":{"line":33,"column":null}},"12":{"start":{"line":35,"column":16},"end":{"line":40,"column":null}},"13":{"start":{"line":42,"column":2},"end":{"line":54,"column":null}},"14":{"start":{"line":51,"column":55},"end":{"line":51,"column":75}},"15":{"start":{"line":51,"column":75},"end":{"line":51,"column":101}}},"fnMap":{"0":{"name":"(anonymous_0)","decl":{"start":{"line":19,"column":14},"end":{"line":19,"column":15}},"loc":{"start":{"line":19,"column":94},"end":{"line":56,"column":null}},"line":19},"1":{"name":"(anonymous_1)","decl":{"start":{"line":22,"column":12},"end":{"line":22,"column":18}},"loc":{"start":{"line":22,"column":18},"end":{"line":31,"column":5}},"line":22},"2":{"name":"(anonymous_2)","decl":{"start":{"line":25,"column":29},"end":{"line":25,"column":35}},"loc":{"start":{"line":25,"column":35},"end":{"line":28,"column":7}},"line":25},"3":{"name":"(anonymous_3)","decl":{"start":{"line":30,"column":11},"end":{"line":30,"column":17}},"loc":{"start":{"line":30,"column":17},"end":{"line":30,"column":null}},"line":30},"4":{"name":"(anonymous_4)","decl":{"start":{"line":51,"column":47},"end":{"line":51,"column":53}},"loc":{"start":{"line":51,"column":53},"end":{"line":51,"column":null}},"line":51}},"branchMap":{"0":{"loc":{"start":{"line":19,"column":52},"end":{"line":19,"column":69}},"type":"default-arg","locations":[{"start":{"line":19,"column":63},"end":{"line":19,"column":69}}],"line":19},"1":{"loc":{"start":{"line":23,"column":4},"end":{"line":23,"column":null}},"type":"if","locations":[{"start":{"line":23,"column":4},"end":{"line":23,"column":null}},{"start":{},"end":{}}],"line":23},"2":{"loc":{"start":{"line":33,"column":2},"end":{"line":33,"column":null}},"type":"if","locations":[{"start":{"line":33,"column":2},"end":{"line":33,"column":null}},{"start":{},"end":{}}],"line":33},"3":{"loc":{"start":{"line":33,"column":6},"end":{"line":33,"column":32}},"type":"binary-expr","locations":[{"start":{"line":33,"column":6},"end":{"line":33,"column":20}},{"start":{"line":33,"column":20},"end":{"line":33,"column":32}}],"line":33},"4":{"loc":{"start":{"line":43,"column":43},"end":{"line":43,"column":83}},"type":"cond-expr","locations":[{"start":{"line":43,"column":55},"end":{"line":43,"column":70}},{"start":{"line":43,"column":70},"end":{"line":43,"column":83}}],"line":43},"5":{"loc":{"start":{"line":46,"column":7},"end":{"line":49,"column":null}},"type":"binary-expr","locations":[{"start":{"line":46,"column":7},"end":{"line":46,"column":null}},{"start":{"line":47,"column":8},"end":{"line":49,"column":null}}],"line":46}},"s":{"0":1,"1":22,"2":22,"3":17,"4":1,"5":16,"6":2,"7":2,"8":16,"9":16,"10":22,"11":1,"12":21,"13":21,"14":2,"15":2},"f":{"0":22,"1":17,"2":2,"3":16,"4":2},"b":{"0":[22],"1":[1,16],"2":[1,21],"3":[22,1],"4":[2,19],"5":[22,2]},"meta":{"lastBranch":6,"lastFunction":5,"lastStatement":16,"seen":{"s:19:14:56:Infinity":0,"f:19:14:19:15":0,"b:19:63:19:69":0,"s:20:32:20:Infinity":1,"s:22:2:31:Infinity":2,"f:22:12:22:18":1,"b:23:4:23:Infinity:undefined:undefined:undefined:undefined":1,"s:23:4:23:Infinity":3,"s:23:20:23:Infinity":4,"s:25:18:28:Infinity":5,"f:25:29:25:35":2,"s:26:6:26:Infinity":6,"s:27:6:27:Infinity":7,"s:30:4:30:Infinity":8,"f:30:11:30:17":3,"s:30:17:30:Infinity":9,"b:33:2:33:Infinity:undefined:undefined:undefined:undefined":2,"s:33:2:33:Infinity":10,"b:33:6:33:20:33:20:33:32":3,"s:33:32:33:Infinity":11,"s:35:16:40:Infinity":12,"s:42:2:54:Infinity":13,"b:43:55:43:70:43:70:43:83":4,"b:46:7:46:Infinity:47:8:49:Infinity":5,"f:51:47:51:53":4,"s:51:55:51:75":14,"s:51:75:51:101":15}}}
,"C:\\Users\\Siman\\source\\repos\\Simangaliso-Njabulo\\budgeting_app\\src\\components\\transactions\\TransactionSummary.tsx": {"path":"C:\\Users\\Siman\\source\\repos\\Simangaliso-Njabulo\\budgeting_app\\src\\components\\transactions\\TransactionSummary.tsx","statementMap":{"0":{"start":{"line":11,"column":27},"end":{"line":65,"column":null}},"1":{"start":{"line":12,"column":25},"end":{"line":12,"column":null}},"2":{"start":{"line":14,"column":22},"end":{"line":16,"column":null}},"3":{"start":{"line":15,"column":17},"end":{"line":15,"column":36}},"4":{"start":{"line":16,"column":24},"end":{"line":16,"column":40}},"5":{"start":{"line":18,"column":24},"end":{"line":20,"column":null}},"6":{"start":{"line":19,"column":17},"end":{"line":19,"column":37}},"7":{"start":{"line":20,"column":24},"end":{"line":20,"column":40}},"8":{"start":{"line":22,"column":20},"end":{"line":22,"column":null}},"9":{"start":{"line":23,"column":21},"end":{"line":23,"column":null}},"10":{"start":{"line":25,"column":2},"end":{"line":63,"column":null}}},"fnMap":{"0":{"name":"(anonymous_0)","decl":{"start":{"line":11,"column":27},"end":{"line":11,"column":28}},"loc":{"start":{"line":11,"column":97},"end":{"line":65,"column":null}},"line":11},"1":{"name":"(anonymous_1)","decl":{"start":{"line":15,"column":12},"end":{"line":15,"column":17}},"loc":{"start":{"line":15,"column":17},"end":{"line":15,"column":36}},"line":15},"2":{"name":"(anonymous_2)","decl":{"start":{"line":16,"column":12},"end":{"line":16,"column":13}},"loc":{"start":{"line":16,"column":24},"end":{"line":16,"column":40}},"line":16},"3":{"name":"(anonymous_3)","decl":{"start":{"line":19,"column":12},"end":{"line":19,"column":17}},"loc":{"start":{"line":19,"column":17},"end":{"line":19,"column":37}},"line":19},"4":{"name":"(anonymous_4)","decl":{"start":{"line":20,"column":12},"end":{"line":20,"column":13}},"loc":{"start":{"line":20,"column":24},"end":{"line":20,"column":40}},"line":20}},"branchMap":{"0":{"loc":{"start":{"line":11,"column":44},"end":{"line":11,"column":66}},"type":"default-arg","locations":[{"start":{"line":11,"column":53},"end":{"line":11,"column":66}}],"line":11},"1":{"loc":{"start":{"line":52,"column":54},"end":{"line":52,"column":90}},"type":"cond-expr","locations":[{"start":{"line":52,"column":67},"end":{"line":52,"column":80}},{"start":{"line":52,"column":80},"end":{"line":52,"column":90}}],"line":52},"2":{"loc":{"start":{"line":57,"column":58},"end":{"line":57,"column":94}},"type":"cond-expr","locations":[{"start":{"line":57,"column":71},"end":{"line":57,"column":84}},{"start":{"line":57,"column":84},"end":{"line":57,"column":94}}],"line":57},"3":{"loc":{"start":{"line":58,"column":15},"end":{"line":58,"column":38}},"type":"cond-expr","locations":[{"start":{"line":58,"column":28},"end":{"line":58,"column":34}},{"start":{"line":58,"column":34},"end":{"line":58,"column":38}}],"line":58}},"s":{"0":1,"1":18,"2":18,"3":33,"4":12,"5":18,"6":33,"7":21,"8":18,"9":18,"10":18},"f":{"0":18,"1":33,"2":12,"3":33,"4":21},"b":{"0":[18],"1":[15,3],"2":[15,3],"3":[15,3]},"meta":{"lastBranch":4,"lastFunction":5,"lastStatement":11,"seen":{"s:11:27:65:Infinity":0,"f:11:27:11:28":0,"b:11:53:11:66":0,"s:12:25:12:Infinity":1,"s:14:22:16:Infinity":2,"f:15:12:15:17":1,"s:15:17:15:36":3,"f:16:12:16:13":2,"s:16:24:16:40":4,"s:18:24:20:Infinity":5,"f:19:12:19:17":3,"s:19:17:19:37":6,"f:20:12:20:13":4,"s:20:24:20:40":7,"s:22:20:22:Infinity":8,"s:23:21:23:Infinity":9,"s:25:2:63:Infinity":10,"b:52:67:52:80:52:80:52:90":1,"b:57:71:57:84:57:84:57:94":2,"b:58:28:58:34:58:34:58:38":3}}}
,"C:\\Users\\Siman\\source\\repos\\Simangaliso-Njabulo\\budgeting_app\\src\\context\\ThemeContext.tsx": {"path":"C:\\Users\\Siman\\source\\repos\\Simangaliso-Njabulo\\budgeting_app\\src\\context\\ThemeContext.tsx","statementMap":{"0":{"start":{"line":12,"column":44},"end":{"line":19,"column":null}},"1":{"start":{"line":32,"column":6},"end":{"line":32,"column":null}},"2":{"start":{"line":34,"column":26},"end":{"line":34,"column":null}},"3":{"start":{"line":35,"column":27},"end":{"line":35,"column":null}},"4":{"start":{"line":36,"column":29},"end":{"line":36,"column":null}},"5":{"start":{"line":38,"column":29},"end":{"line":109,"column":null}},"6":{"start":{"line":39,"column":29},"end":{"line":42,"column":null}},"7":{"start":{"line":40,"column":18},"end":{"line":40,"column":null}},"8":{"start":{"line":41,"column":4},"end":{"line":41,"column":null}},"9":{"start":{"line":44,"column":41},"end":{"line":47,"column":null}},"10":{"start":{"line":45,"column":18},"end":{"line":45,"column":null}},"11":{"start":{"line":46,"column":4},"end":{"line":46,"column":null}},"12":{"start":{"line":49,"column":35},"end":{"line":53,"column":null}},"13":{"start":{"line":50,"column":18},"end":{"line":50,"column":null}},"14":{"start":{"line":51,"column":18},"end":{"line":51,"column":null}},"15":{"start":{"line":51,"column":39},"end":{"line":51,"column":55}},"16":{"start":{"line":52,"column":4},"end":{"line":52,"column":null}},"17":{"start":{"line":56,"column":2},"end":{"line":59,"column":null}},"18":{"start":{"line":57,"column":4},"end":{"line":57,"column":null}},"19":{"start":{"line":58,"column":4},"end":{"line":58,"column":null}},"20":{"start":{"line":62,"column":2},"end":{"line":65,"column":null}},"21":{"start":{"line":63,"column":4},"end":{"line":63,"column":null}},"22":{"start":{"line":64,"column":4},"end":{"line":64,"column":null}},"23":{"start":{"line":68,"column":2},"end":{"line":70,"column":null}},"24":{"start":{"line":69,"column":4},"end":{"line":69,"column":null}},"25":{"start":{"line":72,"column":19},"end":{"line":74,"column":null}},"26":{"start":{"line":73,"column":4},"end":{"line":73,"column":null}},"27":{"start":{"line":76,"column":25},"end":{"line":78,"column":null}},"28":{"start":{"line":77,"column":4},"end":{"line":77,"column":null}},"29":{"start":{"line":80,"column":22},"end":{"line":85,"column":null}},"30":{"start":{"line":81,"column":18},"end":{"line":81,"column":null}},"31":{"start":{"line":81,"column":39},"end":{"line":81,"column":62}},"32":{"start":{"line":82,"column":4},"end":{"line":84,"column":null}},"33":{"start":{"line":83,"column":6},"end":{"line":83,"column":null}},"34":{"start":{"line":87,"column":22},"end":{"line":89,"column":null}},"35":{"start":{"line":88,"column":4},"end":{"line":88,"column":null}},"36":{"start":{"line":88,"column":26},"end":{"line":88,"column":60}},"37":{"start":{"line":91,"column":25},"end":{"line":93,"column":null}},"38":{"start":{"line":92,"column":4},"end":{"line":92,"column":null}},"39":{"start":{"line":95,"column":2},"end":{"line":107,"column":null}},"40":{"start":{"line":111,"column":24},"end":{"line":117,"column":null}},"41":{"start":{"line":112,"column":8},"end":{"line":112,"column":null}},"42":{"start":{"line":113,"column":2},"end":{"line":115,"column":null}},"43":{"start":{"line":114,"column":4},"end":{"line":114,"column":null}},"44":{"start":{"line":116,"column":2},"end":{"line":116,"column":null}}},"fnMap":{"0":{"name":"(anonymous_0)","decl":{"start":{"line":38,"column":29},"end":{"line":38,"column":30}},"loc":{"start":{"line":38,"column":72},"end":{"line":109,"column":null}},"line":38},"1":{"name":"(anonymous_1)","decl":{"start":{"line":39,"column":49},"end":{"line":39,"column":55}},"loc":{"start":{"line":39,"column":55},"end":{"line":42,"column":3}},"line":39},"2":{"name":"(anonymous_2)","decl":{"start":{"line":44,"column":67},"end":{"line":44,"column":73}},"loc":{"start":{"line":44,"column":73},"end":{"line":47,"column":3}},"line":44},"3":{"name":"(anonymous_3)","decl":{"start":{"line":49,"column":64},"end":{"line":49,"column":70}},"loc":{"start":{"line":49,"column":70},"end":{"line":53,"column":3}},"line":49},"4":{"name":"(anonymous_4)","decl":{"start":{"line":51,"column":34},"end":{"line":51,"column":39}},"loc":{"start":{"line":51,"column":39},"end":{"line":51,"column":55}},"line":51},"5":{"name":"(anonymous_5)","decl":{"start":{"line":56,"column":12},"end":{"line":56,"column":18}},"loc":{"start":{"line":56,"column":18},"end":{"line":59,"column":5}},"line":56},"6":{"name":"(anonymous_6)","decl":{"start":{"line":62,"column":12},"end":{"line":62,"column":18}},"loc":{"start":{"line":62,"column":18},"end":{"line":65,"column":5}},"line":62},"7":{"name":"(anonymous_7)","decl":{"start":{"line":68,"column":12},"end":{"line":68,"column":18}},"loc":{"start":{"line":68,"column":18},"end":{"line":70,"column":5}},"line":68},"8":{"name":"(anonymous_8)","decl":{"start":{"line":72,"column":19},"end":{"line":72,"column":20}},"loc":{"start":{"line":72,"column":40},"end":{"line":74,"column":null}},"line":72},"9":{"name":"(anonymous_9)","decl":{"start":{"line":76,"column":25},"end":{"line":76,"column":26}},"loc":{"start":{"line":76,"column":49},"end":{"line":78,"column":null}},"line":76},"10":{"name":"(anonymous_10)","decl":{"start":{"line":80,"column":22},"end":{"line":80,"column":23}},"loc":{"start":{"line":80,"column":48},"end":{"line":85,"column":null}},"line":80},"11":{"name":"(anonymous_11)","decl":{"start":{"line":81,"column":34},"end":{"line":81,"column":39}},"loc":{"start":{"line":81,"column":39},"end":{"line":81,"column":62}},"line":81},"12":{"name":"(anonymous_12)","decl":{"start":{"line":87,"column":22},"end":{"line":87,"column":28}},"loc":{"start":{"line":87,"column":28},"end":{"line":89,"column":null}},"line":87},"13":{"name":"(anonymous_13)","decl":{"start":{"line":88,"column":18},"end":{"line":88,"column":26}},"loc":{"start":{"line":88,"column":26},"end":{"line":88,"column":60}},"line":88},"14":{"name":"(anonymous_14)","decl":{"start":{"line":91,"column":25},"end":{"line":91,"column":26}},"loc":{"start":{"line":91,"column":53},"end":{"line":93,"column":null}},"line":91},"15":{"name":"(anonymous_15)","decl":{"start":{"line":111,"column":24},"end":{"line":111,"column":30}},"loc":{"start":{"line":111,"column":30},"end":{"line":117,"column":null}},"line":111}},"branchMap":{"0":{"loc":{"start":{"line":41,"column":12},"end":{"line":41,"column":null}},"type":"binary-expr","locations":[{"start":{"line":41,"column":12},"end":{"line":41,"column":31}},{"start":{"line":41,"column":31},"end":{"line":41,"column":null}}],"line":41},"1":{"loc":{"start":{"line":46,"column":12},"end":{"line":46,"column":null}},"type":"binary-expr","locations":[{"start":{"line":46,"column":12},"end":{"line":46,"column":37}},{"start":{"line":46,"column":37},"end":{"line":46,"column":null}}],"line":46},"2":{"loc":{"start":{"line":52,"column":11},"end":{"line":52,"column":null}},"type":"binary-expr","locations":[{"start":{"line":52,"column":11},"end":{"line":52,"column":20}},{"start":{"line":52,"column":20},"end":{"line":52,"column":null}}],"line":52},"3":{"loc":{"start":{"line":82,"column":4},"end":{"line":84,"column":null}},"type":"if","locations":[{"start":{"line":82,"column":4},"end":{"line":84,"column":null}},{"start":{},"end":{}}],"line":82},"4":{"loc":{"start":{"line":88,"column":26},"end":{"line":88,"column":60}},"type":"cond-expr","locations":[{"start":{"line":88,"column":44},"end":{"line":88,"column":54}},{"start":{"line":88,"column":54},"end":{"line":88,"column":60}}],"line":88},"5":{"loc":{"start":{"line":113,"column":2},"end":{"line":115,"column":null}},"type":"if","locations":[{"start":{"line":113,"column":2},"end":{"line":115,"column":null}},{"start":{},"end":{}}],"line":113}},"s":{"0":1,"1":1,"2":1,"3":1,"4":1,"5":1,"6":18,"7":18,"8":18,"9":18,"10":18,"11":18,"12":18,"13":18,"14":18,"15":108,"16":18,"17":18,"18":18,"19":18,"20":18,"21":18,"22":18,"23":18,"24":18,"25":18,"26":0,"27":18,"28":0,"29":18,"30":0,"31":0,"32":0,"33":0,"34":18,"35":0,"36":0,"37":18,"38":54,"39":18,"40":1,"41":18,"42":18,"43":0,"44":18},"f":{"0":18,"1":18,"2":18,"3":18,"4":108,"5":18,"6":18,"7":18,"8":0,"9":0,"10":0,"11":0,"12":0,"13":0,"14":54,"15":18},"b":{"0":[18,18],"1":[18,18],"2":[18,18],"3":[0,0],"4":[0,0],"5":[0,18]},"meta":{"lastBranch":6,"lastFunction":16,"lastStatement":45,"seen":{"s:12:44:19:Infinity":0,"s:32:6:32:Infinity":1,"s:34:26:34:Infinity":2,"s:35:27:35:Infinity":3,"s:36:29:36:Infinity":4,"s:38:29:109:Infinity":5,"f:38:29:38:30":0,"s:39:29:42:Infinity":6,"f:39:49:39:55":1,"s:40:18:40:Infinity":7,"s:41:4:41:Infinity":8,"b:41:12:41:31:41:31:41:Infinity":0,"s:44:41:47:Infinity":9,"f:44:67:44:73":2,"s:45:18:45:Infinity":10,"s:46:4:46:Infinity":11,"b:46:12:46:37:46:37:46:Infinity":1,"s:49:35:53:Infinity":12,"f:49:64:49:70":3,"s:50:18:50:Infinity":13,"s:51:18:51:Infinity":14,"f:51:34:51:39":4,"s:51:39:51:55":15,"s:52:4:52:Infinity":16,"b:52:11:52:20:52:20:52:Infinity":2,"s:56:2:59:Infinity":17,"f:56:12:56:18":5,"s:57:4:57:Infinity":18,"s:58:4:58:Infinity":19,"s:62:2:65:Infinity":20,"f:62:12:62:18":6,"s:63:4:63:Infinity":21,"s:64:4:64:Infinity":22,"s:68:2:70:Infinity":23,"f:68:12:68:18":7,"s:69:4:69:Infinity":24,"s:72:19:74:Infinity":25,"f:72:19:72:20":8,"s:73:4:73:Infinity":26,"s:76:25:78:Infinity":27,"f:76:25:76:26":9,"s:77:4:77:Infinity":28,"s:80:22:85:Infinity":29,"f:80:22:80:23":10,"s:81:18:81:Infinity":30,"f:81:34:81:39":11,"s:81:39:81:62":31,"b:82:4:84:Infinity:undefined:undefined:undefined:undefined":3,"s:82:4:84:Infinity":32,"s:83:6:83:Infinity":33,"s:87:22:89:Infinity":34,"f:87:22:87:28":12,"s:88:4:88:Infinity":35,"f:88:18:88:26":13,"s:88:26:88:60":36,"b:88:44:88:54:88:54:88:60":4,"s:91:25:93:Infinity":37,"f:91:25:91:26":14,"s:92:4:92:Infinity":38,"s:95:2:107:Infinity":39,"s:111:24:117:Infinity":40,"f:111:24:111:30":15,"s:112:8:112:Infinity":41,"b:113:2:115:Infinity:undefined:undefined:undefined:undefined":5,"s:113:2:115:Infinity":42,"s:114:4:114:Infinity":43,"s:116:2:116:Infinity":44}}}
,"C:\\Users\\Siman\\source\\repos\\Simangaliso-Njabulo\\budgeting_app\\src\\utils\\formatters.ts": {"path":"C:\\Users\\Siman\\source\\repos\\Simangaliso-Njabulo\\budgeting_app\\src\\utils\\formatters.ts","statementMap":{"0":{"start":{"line":6,"column":76},"end":{"line":13,"column":null}},"1":{"start":{"line":23,"column":46},"end":{"line":23,"column":null}},"2":{"start":{"line":24,"column":17},"end":{"line":24,"column":null}},"3":{"start":{"line":26,"column":20},"end":{"line":29,"column":null}},"4":{"start":{"line":31,"column":15},"end":{"line":31,"column":null}},"5":{"start":{"line":33,"column":2},"end":{"line":35,"column":null}},"6":{"start":{"line":34,"column":4},"end":{"line":34,"column":null}},"7":{"start":{"line":37,"column":2},"end":{"line":37,"column":null}},"8":{"start":{"line":47,"column":12},"end":{"line":47,"column":null}},"9":{"start":{"line":49,"column":2},"end":{"line":51,"column":null}},"10":{"start":{"line":50,"column":4},"end":{"line":50,"column":null}},"11":{"start":{"line":53,"column":2},"end":{"line":55,"column":null}},"12":{"start":{"line":54,"column":4},"end":{"line":54,"column":null}},"13":{"start":{"line":57,"column":46},"end":{"line":61,"column":null}},"14":{"start":{"line":63,"column":2},"end":{"line":63,"column":null}},"15":{"start":{"line":70,"column":12},"end":{"line":70,"column":null}},"16":{"start":{"line":71,"column":14},"end":{"line":71,"column":null}},"17":{"start":{"line":74,"column":16},"end":{"line":74,"column":null}},"18":{"start":{"line":75,"column":21},"end":{"line":75,"column":null}},"19":{"start":{"line":77,"column":19},"end":{"line":77,"column":null}},"20":{"start":{"line":78,"column":19},"end":{"line":78,"column":null}},"21":{"start":{"line":80,"column":2},"end":{"line":80,"column":null}},"22":{"start":{"line":80,"column":22},"end":{"line":80,"column":null}},"23":{"start":{"line":81,"column":2},"end":{"line":81,"column":null}},"24":{"start":{"line":81,"column":22},"end":{"line":81,"column":null}},"25":{"start":{"line":82,"column":2},"end":{"line":82,"column":null}},"26":{"start":{"line":82,"column":23},"end":{"line":82,"column":null}},"27":{"start":{"line":83,"column":2},"end":{"line":83,"column":null}},"28":{"start":{"line":83,"column":36},"end":{"line":83,"column":null}},"29":{"start":{"line":84,"column":2},"end":{"line":84,"column":null}},"30":{"start":{"line":84,"column":38},"end":{"line":84,"column":null}},"31":{"start":{"line":85,"column":2},"end":{"line":85,"column":null}},"32":{"start":{"line":85,"column":39},"end":{"line":85,"column":null}},"33":{"start":{"line":86,"column":2},"end":{"line":86,"column":null}},"34":{"start":{"line":86,"column":39},"end":{"line":86,"column":null}},"35":{"start":{"line":87,"column":2},"end":{"line":87,"column":null}},"36":{"start":{"line":87,"column":40},"end":{"line":87,"column":null}},"37":{"start":{"line":89,"column":2},"end":{"line":89,"column":null}},"38":{"start":{"line":100,"column":2},"end":{"line":100,"column":null}},"39":{"start":{"line":100,"column":19},"end":{"line":100,"column":null}},"40":{"start":{"line":101,"column":22},"end":{"line":101,"column":null}},"41":{"start":{"line":102,"column":2},"end":{"line":102,"column":null}},"42":{"start":{"line":113,"column":2},"end":{"line":116,"column":null}},"43":{"start":{"line":123,"column":2},"end":{"line":123,"column":null}},"44":{"start":{"line":123,"column":32},"end":{"line":123,"column":null}},"45":{"start":{"line":124,"column":2},"end":{"line":124,"column":null}},"46":{"start":{"line":131,"column":2},"end":{"line":131,"column":null}},"47":{"start":{"line":131,"column":13},"end":{"line":131,"column":null}},"48":{"start":{"line":132,"column":2},"end":{"line":132,"column":null}},"49":{"start":{"line":139,"column":18},"end":{"line":139,"column":null}},"50":{"start":{"line":140,"column":18},"end":{"line":140,"column":null}},"51":{"start":{"line":141,"column":16},"end":{"line":141,"column":null}},"52":{"start":{"line":142,"column":15},"end":{"line":142,"column":null}},"53":{"start":{"line":144,"column":2},"end":{"line":144,"column":null}},"54":{"start":{"line":144,"column":16},"end":{"line":144,"column":null}},"55":{"start":{"line":145,"column":2},"end":{"line":145,"column":null}},"56":{"start":{"line":145,"column":17},"end":{"line":145,"column":null}},"57":{"start":{"line":146,"column":2},"end":{"line":146,"column":null}},"58":{"start":{"line":146,"column":19},"end":{"line":146,"column":null}},"59":{"start":{"line":147,"column":2},"end":{"line":147,"column":null}}},"fnMap":{"0":{"name":"formatCurrency","decl":{"start":{"line":18,"column":16},"end":{"line":18,"column":null}},"loc":{"start":{"line":22,"column":10},"end":{"line":38,"column":null}},"line":22},"1":{"name":"formatDate","decl":{"start":{"line":43,"column":16},"end":{"line":43,"column":null}},"loc":{"start":{"line":46,"column":10},"end":{"line":64,"column":null}},"line":46},"2":{"name":"formatRelativeDate","decl":{"start":{"line":69,"column":16},"end":{"line":69,"column":35}},"loc":{"start":{"line":69,"column":64},"end":{"line":90,"column":null}},"line":69},"3":{"name":"formatPercentage","decl":{"start":{"line":95,"column":16},"end":{"line":95,"column":null}},"loc":{"start":{"line":99,"column":10},"end":{"line":103,"column":null}},"line":99},"4":{"name":"formatNumber","decl":{"start":{"line":108,"column":16},"end":{"line":108,"column":null}},"loc":{"start":{"line":112,"column":10},"end":{"line":117,"column":null}},"line":112},"5":{"name":"truncateText","decl":{"start":{"line":122,"column":16},"end":{"line":122,"column":29}},"loc":{"start":{"line":122,"column":70},"end":{"line":125,"column":null}},"line":122},"6":{"name":"capitalize","decl":{"start":{"line":130,"column":16},"end":{"line":130,"column":27}},"loc":{"start":{"line":130,"column":49},"end":{"line":133,"column":null}},"line":130},"7":{"name":"formatDuration","decl":{"start":{"line":138,"column":16},"end":{"line":138,"column":31}},"loc":{"start":{"line":138,"column":51},"end":{"line":148,"column":null}},"line":138}},"branchMap":{"0":{"loc":{"start":{"line":20,"column":2},"end":{"line":20,"column":null}},"type":"default-arg","locations":[{"start":{"line":20,"column":21},"end":{"line":20,"column":null}}],"line":20},"1":{"loc":{"start":{"line":21,"column":2},"end":{"line":21,"column":null}},"type":"default-arg","locations":[{"start":{"line":21,"column":57},"end":{"line":21,"column":null}}],"line":21},"2":{"loc":{"start":{"line":23,"column":10},"end":{"line":23,"column":29}},"type":"default-arg","locations":[{"start":{"line":23,"column":23},"end":{"line":23,"column":29}}],"line":23},"3":{"loc":{"start":{"line":23,"column":29},"end":{"line":23,"column":42}},"type":"default-arg","locations":[{"start":{"line":23,"column":40},"end":{"line":23,"column":42}}],"line":23},"4":{"loc":{"start":{"line":24,"column":17},"end":{"line":24,"column":null}},"type":"binary-expr","locations":[{"start":{"line":24,"column":17},"end":{"line":24,"column":46}},{"start":{"line":24,"column":46},"end":{"line":24,"column":null}}],"line":24},"5":{"loc":{"start":{"line":31,"column":15},"end":{"line":31,"column":null}},"type":"cond-expr","locations":[{"start":{"line":31,"column":28},"end":{"line":31,"column":34}},{"start":{"line":31,"column":34},"end":{"line":31,"column":null}}],"line":31},"6":{"loc":{"start":{"line":33,"column":2},"end":{"line":35,"column":null}},"type":"if","locations":[{"start":{"line":33,"column":2},"end":{"line":35,"column":null}},{"start":{},"end":{}}],"line":33},"7":{"loc":{"start":{"line":45,"column":2},"end":{"line":45,"column":null}},"type":"default-arg","locations":[{"start":{"line":45,"column":53},"end":{"line":45,"column":null}}],"line":45},"8":{"loc":{"start":{"line":47,"column":12},"end":{"line":47,"column":null}},"type":"cond-expr","locations":[{"start":{"line":47,"column":39},"end":{"line":47,"column":56}},{"start":{"line":47,"column":56},"end":{"line":47,"column":null}}],"line":47},"9":{"loc":{"start":{"line":49,"column":2},"end":{"line":51,"column":null}},"type":"if","locations":[{"start":{"line":49,"column":2},"end":{"line":51,"column":null}},{"start":{},"end":{}}],"line":49},"10":{"loc":{"start":{"line":53,"column":2},"end":{"line":55,"column":null}},"type":"if","locations":[{"start":{"line":53,"column":2},"end":{"line":55,"column":null}},{"start":{},"end":{}}],"line":53},"11":{"loc":{"start":{"line":70,"column":12},"end":{"line":70,"column":null}},"type":"cond-expr","locations":[{"start":{"line":70,"column":39},"end":{"line":70,"column":56}},{"start":{"line":70,"column":56},"end":{"line":70,"column":null}}],"line":70},"12":{"loc":{"start":{"line":80,"column":2},"end":{"line":80,"column":null}},"type":"if","locations":[{"start":{"line":80,"column":2},"end":{"line":80,"column":null}},{"start":{},"end":{}}],"line":80},"13":{"loc":{"start":{"line":81,"column":2},"end":{"line":81,"column":null}},"type":"if","locations":[{"start":{"line":81,"column":2},"end":{"line":81,"column":null}},{"start":{},"end":{}}],"line":81},"14":{"loc":{"start":{"line":82,"column":2},"end":{"line":82,"column":null}},"type":"if","locations":[{"start":{"line":82,"column":2},"end":{"line":82,"column":null}},{"start":{},"end":{}}],"line":82},"15":{"loc":{"start":{"line":83,"column":2},"end":{"line":83,"column":null}},"type":"if","locations":[{"start":{"line":83,"column":2},"end":{"line":83,"column":null}},{"start":{},"end":{}}],"line":83},"16":{"loc":{"start":{"line":83,"column":6},"end":{"line":83,"column":36}},"type":"binary-expr","locations":[{"start":{"line":83,"column":6},"end":{"line":83,"column":22}},{"start":{"line":83,"column":22},"end":{"line":83,"column":36}}],"line":83},"17":{"loc":{"start":{"line":84,"column":2},"end":{"line":84,"column":null}},"type":"if","locations":[{"start":{"line":84,"column":2},"end":{"line":84,"column":null}},{"start":{},"end":{}}],"line":84},"18":{"loc":{"start":{"line":84,"column":6},"end":{"line":84,"column":38}},"type":"binary-expr","locations":[{"start":{"line":84,"column":6},"end":{"line":84,"column":23}},{"start":{"line":84,"column":23},"end":{"line":84,"column":38}}],"line":84},"19":{"loc":{"start":{"line":85,"column":2},"end":{"line":85,"column":null}},"type":"if","locations":[{"start":{"line":85,"column":2},"end":{"line":85,"column":null}},{"start":{},"end":{}}],"line":85},"20":{"loc":{"start":{"line":85,"column":6},"end":{"line":85,"column":39}},"type":"binary-expr","locations":[{"start":{"line":85,"column":6},"end":{"line":85,"column":24}},{"start":{"line":85,"column":24},"end":{"line":85,"column":39}}],"line":85},"21":{"loc":{"start":{"line":86,"column":2},"end":{"line":86,"column":null}},"type":"if","locations":[{"start":{"line":86,"column":2},"end":{"line":86,"column":null}},{"start":{},"end":{}}],"line":86},"22":{"loc":{"start":{"line":86,"column":6},"end":{"line":86,"column":39}},"type":"binary-expr","locations":[{"start":{"line":86,"column":6},"end":{"line":86,"column":24}},{"start":{"line":86,"column":24},"end":{"line":86,"column":39}}],"line":86},"23":{"loc":{"start":{"line":87,"column":2},"end":{"line":87,"column":null}},"type":"if","locations":[{"start":{"line":87,"column":2},"end":{"line":87,"column":null}},{"start":{},"end":{}}],"line":87},"24":{"loc":{"start":{"line":87,"column":6},"end":{"line":87,"column":40}},"type":"binary-expr","locations":[{"start":{"line":87,"column":6},"end":{"line":87,"column":24}},{"start":{"line":87,"column":24},"end":{"line":87,"column":40}}],"line":87},"25":{"loc":{"start":{"line":98,"column":2},"end":{"line":98,"column":null}},"type":"default-arg","locations":[{"start":{"line":98,"column":21},"end":{"line":98,"column":null}}],"line":98},"26":{"loc":{"start":{"line":100,"column":2},"end":{"line":100,"column":null}},"type":"if","locations":[{"start":{"line":100,"column":2},"end":{"line":100,"column":null}},{"start":{},"end":{}}],"line":100},"27":{"loc":{"start":{"line":110,"column":2},"end":{"line":110,"column":null}},"type":"default-arg","locations":[{"start":{"line":110,"column":21},"end":{"line":110,"column":null}}],"line":110},"28":{"loc":{"start":{"line":111,"column":2},"end":{"line":111,"column":null}},"type":"default-arg","locations":[{"start":{"line":111,"column":19},"end":{"line":111,"column":null}}],"line":111},"29":{"loc":{"start":{"line":123,"column":2},"end":{"line":123,"column":null}},"type":"if","locations":[{"start":{"line":123,"column":2},"end":{"line":123,"column":null}},{"start":{},"end":{}}],"line":123},"30":{"loc":{"start":{"line":131,"column":2},"end":{"line":131,"column":null}},"type":"if","locations":[{"start":{"line":131,"column":2},"end":{"line":131,"column":null}},{"start":{},"end":{}}],"line":131},"31":{"loc":{"start":{"line":144,"column":2},"end":{"line":144,"column":null}},"type":"if","locations":[{"start":{"line":144,"column":2},"end":{"line":144,"column":null}},{"start":{},"end":{}}],"line":144},"32":{"loc":{"start":{"line":145,"column":2},"end":{"line":145,"column":null}},"type":"if","locations":[{"start":{"line":145,"column":2},"end":{"line":145,"column":null}},{"start":{},"end":{}}],"line":145},"33":{"loc":{"start":{"line":146,"column":2},"end":{"line":146,"column":null}},"type":"if","locations":[{"start":{"line":146,"column":2},"end":{"line":146,"column":null}},{"start":{},"end":{}}],"line":146}},"s":{"0":1,"1":11,"2":11,"3":11,"4":11,"5":11,"6":10,"7":1,"8":9,"9":9,"10":2,"11":7,"12":1,"13":6,"14":6,"15":9,"16":9,"17":9,"18":9,"19":9,"20":9,"21":9,"22":2,"23":7,"24":1,"25":6,"26":1,"27":5,"28":1,"29":4,"30":1,"31":3,"32":1,"33":2,"34":1,"35":1,"36":0,"37":1,"38":7,"39":1,"40":6,"41":6,"42":4,"43":4,"44":3,"45":1,"46":5,"47":1,"48":4,"49":8,"50":8,"51":8,"52":8,"53":8,"54":1,"55":7,"56":7,"57":5,"58":5,"59":3},"f":{"0":11,"1":9,"2":9,"3":7,"4":4,"5":4,"6":5,"7":8},"b":{"0":[11],"1":[11],"2":[11],"3":[11],"4":[11,1],"5":[1,10],"6":[10,1],"7":[9],"8":[2,7],"9":[2,7],"10":[1,6],"11":[0,9],"12":[2,7],"13":[1,6],"14":[1,5],"15":[1,4],"16":[5,5],"17":[1,3],"18":[4,4],"19":[1,2],"20":[3,3],"21":[1,1],"22":[2,2],"23":[0,1],"24":[1,1],"25":[7],"26":[1,6],"27":[4],"28":[4],"29":[3,1],"30":[1,4],"31":[1,7],"32":[2,5],"33":[2,3]},"meta":{"lastBranch":34,"lastFunction":8,"lastStatement":60,"seen":{"s:6:76:13:Infinity":0,"f:18:16:18:Infinity":0,"b:20:21:20:Infinity":0,"b:21:57:21:Infinity":1,"s:23:46:23:Infinity":1,"b:23:23:23:29":2,"b:23:40:23:42":3,"s:24:17:24:Infinity":2,"b:24:17:24:46:24:46:24:Infinity":4,"s:26:20:29:Infinity":3,"s:31:15:31:Infinity":4,"b:31:28:31:34:31:34:31:Infinity":5,"b:33:2:35:Infinity:undefined:undefined:undefined:undefined":6,"s:33:2:35:Infinity":5,"s:34:4:34:Infinity":6,"s:37:2:37:Infinity":7,"f:43:16:43:Infinity":1,"b:45:53:45:Infinity":7,"s:47:12:47:Infinity":8,"b:47:39:47:56:47:56:47:Infinity":8,"b:49:2:51:Infinity:undefined:undefined:undefined:undefined":9,"s:49:2:51:Infinity":9,"s:50:4:50:Infinity":10,"b:53:2:55:Infinity:undefined:undefined:undefined:undefined":10,"s:53:2:55:Infinity":11,"s:54:4:54:Infinity":12,"s:57:46:61:Infinity":13,"s:63:2:63:Infinity":14,"f:69:16:69:35":2,"s:70:12:70:Infinity":15,"b:70:39:70:56:70:56:70:Infinity":11,"s:71:14:71:Infinity":16,"s:74:16:74:Infinity":17,"s:75:21:75:Infinity":18,"s:77:19:77:Infinity":19,"s:78:19:78:Infinity":20,"b:80:2:80:Infinity:undefined:undefined:undefined:undefined":12,"s:80:2:80:Infinity":21,"s:80:22:80:Infinity":22,"b:81:2:81:Infinity:undefined:undefined:undefined:undefined":13,"s:81:2:81:Infinity":23,"s:81:22:81:Infinity":24,"b:82:2:82:Infinity:undefined:undefined:undefined:undefined":14,"s:82:2:82:Infinity":25,"s:82:23:82:Infinity":26,"b:83:2:83:Infinity:undefined:undefined:undefined:undefined":15,"s:83:2:83:Infinity":27,"b:83:6:83:22:83:22:83:36":16,"s:83:36:83:Infinity":28,"b:84:2:84:Infinity:undefined:undefined:undefined:undefined":17,"s:84:2:84:Infinity":29,"b:84:6:84:23:84:23:84:38":18,"s:84:38:84:Infinity":30,"b:85:2:85:Infinity:undefined:undefined:undefined:undefined":19,"s:85:2:85:Infinity":31,"b:85:6:85:24:85:24:85:39":20,"s:85:39:85:Infinity":32,"b:86:2:86:Infinity:undefined:undefined:undefined:undefined":21,"s:86:2:86:Infinity":33,"b:86:6:86:24:86:24:86:39":22,"s:86:39:86:Infinity":34,"b:87:2:87:Infinity:undefined:undefined:undefined:undefined":23,"s:87:2:87:Infinity":35,"b:87:6:87:24:87:24:87:40":24,"s:87:40:87:Infinity":36,"s:89:2:89:Infinity":37,"f:95:16:95:Infinity":3,"b:98:21:98:Infinity":25,"b:100:2:100:Infinity:undefined:undefined:undefined:undefined":26,"s:100:2:100:Infinity":38,"s:100:19:100:Infinity":39,"s:101:22:101:Infinity":40,"s:102:2:102:Infinity":41,"f:108:16:108:Infinity":4,"b:110:21:110:Infinity":27,"b:111:19:111:Infinity":28,"s:113:2:116:Infinity":42,"f:122:16:122:29":5,"b:123:2:123:Infinity:undefined:undefined:undefined:undefined":29,"s:123:2:123:Infinity":43,"s:123:32:123:Infinity":44,"s:124:2:124:Infinity":45,"f:130:16:130:27":6,"b:131:2:131:Infinity:undefined:undefined:undefined:undefined":30,"s:131:2:131:Infinity":46,"s:131:13:131:Infinity":47,"s:132:2:132:Infinity":48,"f:138:16:138:31":7,"s:139:18:139:Infinity":49,"s:140:18:140:Infinity":50,"s:141:16:141:Infinity":51,"s:142:15:142:Infinity":52,"b:144:2:144:Infinity:undefined:undefined:undefined:undefined":31,"s:144:2:144:Infinity":53,"s:144:16:144:Infinity":54,"b:145:2:145:Infinity:undefined:undefined:undefined:undefined":32,"s:145:2:145:Infinity":55,"s:145:17:145:Infinity":56,"b:146:2:146:Infinity:undefined:undefined:undefined:undefined":33,"s:146:2:146:Infinity":57,"s:146:19:146:Infinity":58,"s:147:2:147:Infinity":59}}}
,"C:\\Users\\Siman\\source\\repos\\Simangaliso-Njabulo\\budgeting_app\\src\\utils\\helpers.ts": {"path":"C:\\Users\\Siman\\source\\repos\\Simangaliso-Njabulo\\budgeting_app\\src\\utils\\helpers.ts","statementMap":{"0":{"start":{"line":9,"column":2},"end":{"line":11,"column":null}},"1":{"start":{"line":10,"column":17},"end":{"line":10,"column":36}},"2":{"start":{"line":11,"column":24},"end":{"line":11,"column":40}},"3":{"start":{"line":18,"column":2},"end":{"line":20,"column":null}},"4":{"start":{"line":19,"column":17},"end":{"line":19,"column":37}},"5":{"start":{"line":20,"column":24},"end":{"line":20,"column":40}},"6":{"start":{"line":27,"column":2},"end":{"line":27,"column":null}},"7":{"start":{"line":34,"column":2},"end":{"line":34,"column":null}},"8":{"start":{"line":34,"column":36},"end":{"line":34,"column":55}},"9":{"start":{"line":41,"column":2},"end":{"line":41,"column":null}},"10":{"start":{"line":41,"column":36},"end":{"line":41,"column":52}},"11":{"start":{"line":48,"column":20},"end":{"line":48,"column":null}},"12":{"start":{"line":49,"column":2},"end":{"line":49,"column":null}},"13":{"start":{"line":56,"column":2},"end":{"line":56,"column":null}},"14":{"start":{"line":56,"column":30},"end":{"line":56,"column":null}},"15":{"start":{"line":57,"column":2},"end":{"line":57,"column":null}},"16":{"start":{"line":64,"column":2},"end":{"line":64,"column":null}},"17":{"start":{"line":71,"column":2},"end":{"line":71,"column":null}},"18":{"start":{"line":71,"column":29},"end":{"line":71,"column":56}},"19":{"start":{"line":78,"column":2},"end":{"line":78,"column":null}},"20":{"start":{"line":78,"column":34},"end":{"line":78,"column":61}},"21":{"start":{"line":85,"column":2},"end":{"line":85,"column":null}},"22":{"start":{"line":85,"column":34},"end":{"line":85,"column":57}},"23":{"start":{"line":96,"column":2},"end":{"line":99,"column":null}},"24":{"start":{"line":97,"column":19},"end":{"line":97,"column":null}},"25":{"start":{"line":98,"column":4},"end":{"line":98,"column":null}},"26":{"start":{"line":106,"column":2},"end":{"line":113,"column":null}},"27":{"start":{"line":107,"column":19},"end":{"line":107,"column":null}},"28":{"start":{"line":108,"column":4},"end":{"line":111,"column":null}},"29":{"start":{"line":122,"column":18},"end":{"line":122,"column":null}},"30":{"start":{"line":124,"column":2},"end":{"line":128,"column":null}},"31":{"start":{"line":125,"column":20},"end":{"line":125,"column":null}},"32":{"start":{"line":126,"column":21},"end":{"line":126,"column":null}},"33":{"start":{"line":127,"column":4},"end":{"line":127,"column":null}},"34":{"start":{"line":130,"column":2},"end":{"line":130,"column":null}},"35":{"start":{"line":140,"column":2},"end":{"line":142,"column":null}},"36":{"start":{"line":141,"column":17},"end":{"line":141,"column":37}},"37":{"start":{"line":142,"column":24},"end":{"line":142,"column":40}},"38":{"start":{"line":152,"column":2},"end":{"line":154,"column":null}},"39":{"start":{"line":153,"column":17},"end":{"line":153,"column":36}},"40":{"start":{"line":154,"column":24},"end":{"line":154,"column":40}},"41":{"start":{"line":161,"column":2},"end":{"line":161,"column":null}},"42":{"start":{"line":161,"column":32},"end":{"line":161,"column":44}},"43":{"start":{"line":171,"column":2},"end":{"line":175,"column":null}},"44":{"start":{"line":172,"column":18},"end":{"line":172,"column":null}},"45":{"start":{"line":173,"column":18},"end":{"line":173,"column":null}},"46":{"start":{"line":174,"column":4},"end":{"line":174,"column":null}},"47":{"start":{"line":182,"column":2},"end":{"line":182,"column":null}},"48":{"start":{"line":192,"column":53},"end":{"line":192,"column":null}},"49":{"start":{"line":193,"column":16},"end":{"line":193,"column":null}},"50":{"start":{"line":195,"column":2},"end":{"line":209,"column":null}},"51":{"start":{"line":195,"column":15},"end":{"line":195,"column":25}},"52":{"start":{"line":196,"column":17},"end":{"line":196,"column":null}},"53":{"start":{"line":197,"column":4},"end":{"line":197,"column":null}},"54":{"start":{"line":198,"column":4},"end":{"line":198,"column":null}},"55":{"start":{"line":200,"column":28},"end":{"line":200,"column":null}},"56":{"start":{"line":201,"column":23},"end":{"line":203,"column":null}},"57":{"start":{"line":202,"column":19},"end":{"line":202,"column":39}},"58":{"start":{"line":203,"column":26},"end":{"line":203,"column":42}},"59":{"start":{"line":205,"column":4},"end":{"line":208,"column":null}},"60":{"start":{"line":211,"column":2},"end":{"line":211,"column":null}},"61":{"start":{"line":218,"column":2},"end":{"line":218,"column":null}},"62":{"start":{"line":225,"column":2},"end":{"line":225,"column":null}}},"fnMap":{"0":{"name":"calculateTotalIncome","decl":{"start":{"line":8,"column":16},"end":{"line":8,"column":37}},"loc":{"start":{"line":8,"column":74},"end":{"line":12,"column":null}},"line":8},"1":{"name":"(anonymous_1)","decl":{"start":{"line":10,"column":12},"end":{"line":10,"column":17}},"loc":{"start":{"line":10,"column":17},"end":{"line":10,"column":36}},"line":10},"2":{"name":"(anonymous_2)","decl":{"start":{"line":11,"column":12},"end":{"line":11,"column":13}},"loc":{"start":{"line":11,"column":24},"end":{"line":11,"column":40}},"line":11},"3":{"name":"calculateTotalExpenses","decl":{"start":{"line":17,"column":16},"end":{"line":17,"column":39}},"loc":{"start":{"line":17,"column":76},"end":{"line":21,"column":null}},"line":17},"4":{"name":"(anonymous_4)","decl":{"start":{"line":19,"column":12},"end":{"line":19,"column":17}},"loc":{"start":{"line":19,"column":17},"end":{"line":19,"column":37}},"line":19},"5":{"name":"(anonymous_5)","decl":{"start":{"line":20,"column":12},"end":{"line":20,"column":13}},"loc":{"start":{"line":20,"column":24},"end":{"line":20,"column":40}},"line":20},"6":{"name":"calculateNetAmount","decl":{"start":{"line":26,"column":16},"end":{"line":26,"column":35}},"loc":{"start":{"line":26,"column":72},"end":{"line":28,"column":null}},"line":26},"7":{"name":"calculateTotalAllocated","decl":{"start":{"line":33,"column":16},"end":{"line":33,"column":40}},"loc":{"start":{"line":33,"column":67},"end":{"line":35,"column":null}},"line":33},"8":{"name":"(anonymous_8)","decl":{"start":{"line":34,"column":24},"end":{"line":34,"column":25}},"loc":{"start":{"line":34,"column":36},"end":{"line":34,"column":55}},"line":34},"9":{"name":"calculateTotalSpent","decl":{"start":{"line":40,"column":16},"end":{"line":40,"column":36}},"loc":{"start":{"line":40,"column":63},"end":{"line":42,"column":null}},"line":40},"10":{"name":"(anonymous_10)","decl":{"start":{"line":41,"column":24},"end":{"line":41,"column":25}},"loc":{"start":{"line":41,"column":36},"end":{"line":41,"column":52}},"line":41},"11":{"name":"calculateRemainingBudget","decl":{"start":{"line":47,"column":16},"end":{"line":47,"column":41}},"loc":{"start":{"line":47,"column":84},"end":{"line":50,"column":null}},"line":47},"12":{"name":"calculateBucketUtilization","decl":{"start":{"line":55,"column":16},"end":{"line":55,"column":43}},"loc":{"start":{"line":55,"column":67},"end":{"line":58,"column":null}},"line":55},"13":{"name":"isBucketOverBudget","decl":{"start":{"line":63,"column":16},"end":{"line":63,"column":35}},"loc":{"start":{"line":63,"column":60},"end":{"line":65,"column":null}},"line":63},"14":{"name":"getBucketsByCategory","decl":{"start":{"line":70,"column":16},"end":{"line":70,"column":37}},"loc":{"start":{"line":70,"column":86},"end":{"line":72,"column":null}},"line":70},"15":{"name":"(anonymous_15)","decl":{"start":{"line":71,"column":24},"end":{"line":71,"column":29}},"loc":{"start":{"line":71,"column":29},"end":{"line":71,"column":56}},"line":71},"16":{"name":"getTransactionsByCategory","decl":{"start":{"line":77,"column":16},"end":{"line":77,"column":42}},"loc":{"start":{"line":77,"column":106},"end":{"line":79,"column":null}},"line":77},"17":{"name":"(anonymous_17)","decl":{"start":{"line":78,"column":29},"end":{"line":78,"column":34}},"loc":{"start":{"line":78,"column":34},"end":{"line":78,"column":61}},"line":78},"18":{"name":"getTransactionsByBucket","decl":{"start":{"line":84,"column":16},"end":{"line":84,"column":40}},"loc":{"start":{"line":84,"column":102},"end":{"line":86,"column":null}},"line":84},"19":{"name":"(anonymous_19)","decl":{"start":{"line":85,"column":29},"end":{"line":85,"column":34}},"loc":{"start":{"line":85,"column":34},"end":{"line":85,"column":57}},"line":85},"20":{"name":"getTransactionsByDateRange","decl":{"start":{"line":91,"column":16},"end":{"line":91,"column":null}},"loc":{"start":{"line":95,"column":17},"end":{"line":100,"column":null}},"line":95},"21":{"name":"(anonymous_21)","decl":{"start":{"line":96,"column":29},"end":{"line":96,"column":34}},"loc":{"start":{"line":96,"column":34},"end":{"line":99,"column":3}},"line":96},"22":{"name":"getTransactionsForDay","decl":{"start":{"line":105,"column":16},"end":{"line":105,"column":38}},"loc":{"start":{"line":105,"column":94},"end":{"line":114,"column":null}},"line":105},"23":{"name":"(anonymous_23)","decl":{"start":{"line":106,"column":29},"end":{"line":106,"column":34}},"loc":{"start":{"line":106,"column":34},"end":{"line":113,"column":3}},"line":106},"24":{"name":"groupTransactionsByDate","decl":{"start":{"line":119,"column":16},"end":{"line":119,"column":null}},"loc":{"start":{"line":121,"column":30},"end":{"line":131,"column":null}},"line":121},"25":{"name":"(anonymous_25)","decl":{"start":{"line":124,"column":23},"end":{"line":124,"column":29}},"loc":{"start":{"line":124,"column":29},"end":{"line":128,"column":3}},"line":124},"26":{"name":"calculateCategorySpending","decl":{"start":{"line":136,"column":16},"end":{"line":136,"column":null}},"loc":{"start":{"line":139,"column":10},"end":{"line":143,"column":null}},"line":139},"27":{"name":"(anonymous_27)","decl":{"start":{"line":141,"column":12},"end":{"line":141,"column":17}},"loc":{"start":{"line":141,"column":17},"end":{"line":141,"column":37}},"line":141},"28":{"name":"(anonymous_28)","decl":{"start":{"line":142,"column":12},"end":{"line":142,"column":13}},"loc":{"start":{"line":142,"column":24},"end":{"line":142,"column":40}},"line":142},"29":{"name":"calculateCategoryIncome","decl":{"start":{"line":148,"column":16},"end":{"line":148,"column":null}},"loc":{"start":{"line":151,"column":10},"end":{"line":155,"column":null}},"line":151},"30":{"name":"(anonymous_30)","decl":{"start":{"line":153,"column":12},"end":{"line":153,"column":17}},"loc":{"start":{"line":153,"column":17},"end":{"line":153,"column":36}},"line":153},"31":{"name":"(anonymous_31)","decl":{"start":{"line":154,"column":12},"end":{"line":154,"column":13}},"loc":{"start":{"line":154,"column":24},"end":{"line":154,"column":40}},"line":154},"32":{"name":"getActiveCategories","decl":{"start":{"line":160,"column":16},"end":{"line":160,"column":36}},"loc":{"start":{"line":160,"column":72},"end":{"line":162,"column":null}},"line":160},"33":{"name":"(anonymous_33)","decl":{"start":{"line":161,"column":27},"end":{"line":161,"column":32}},"loc":{"start":{"line":161,"column":32},"end":{"line":161,"column":44}},"line":161},"34":{"name":"sortTransactionsByDate","decl":{"start":{"line":167,"column":16},"end":{"line":167,"column":null}},"loc":{"start":{"line":170,"column":17},"end":{"line":176,"column":null}},"line":170},"35":{"name":"(anonymous_35)","decl":{"start":{"line":171,"column":32},"end":{"line":171,"column":33}},"loc":{"start":{"line":171,"column":42},"end":{"line":175,"column":3}},"line":171},"36":{"name":"getRecentTransactions","decl":{"start":{"line":181,"column":16},"end":{"line":181,"column":38}},"loc":{"start":{"line":181,"column":97},"end":{"line":183,"column":null}},"line":181},"37":{"name":"calculateSpendingTrend","decl":{"start":{"line":188,"column":16},"end":{"line":188,"column":null}},"loc":{"start":{"line":191,"column":38},"end":{"line":212,"column":null}},"line":191},"38":{"name":"(anonymous_38)","decl":{"start":{"line":202,"column":14},"end":{"line":202,"column":19}},"loc":{"start":{"line":202,"column":19},"end":{"line":202,"column":39}},"line":202},"39":{"name":"(anonymous_39)","decl":{"start":{"line":203,"column":14},"end":{"line":203,"column":15}},"loc":{"start":{"line":203,"column":26},"end":{"line":203,"column":42}},"line":203},"40":{"name":"generateId","decl":{"start":{"line":217,"column":16},"end":{"line":217,"column":37}},"loc":{"start":{"line":217,"column":37},"end":{"line":219,"column":null}},"line":217},"41":{"name":"deepClone","decl":{"start":{"line":224,"column":16},"end":{"line":224,"column":29}},"loc":{"start":{"line":224,"column":40},"end":{"line":226,"column":null}},"line":224}},"branchMap":{"0":{"loc":{"start":{"line":56,"column":2},"end":{"line":56,"column":null}},"type":"if","locations":[{"start":{"line":56,"column":2},"end":{"line":56,"column":null}},{"start":{},"end":{}}],"line":56},"1":{"loc":{"start":{"line":98,"column":11},"end":{"line":98,"column":null}},"type":"binary-expr","locations":[{"start":{"line":98,"column":11},"end":{"line":98,"column":34}},{"start":{"line":98,"column":34},"end":{"line":98,"column":null}}],"line":98},"2":{"loc":{"start":{"line":109,"column":6},"end":{"line":111,"column":null}},"type":"binary-expr","locations":[{"start":{"line":109,"column":6},"end":{"line":109,"column":null}},{"start":{"line":110,"column":6},"end":{"line":110,"column":null}},{"start":{"line":111,"column":6},"end":{"line":111,"column":null}}],"line":109},"3":{"loc":{"start":{"line":126,"column":21},"end":{"line":126,"column":null}},"type":"binary-expr","locations":[{"start":{"line":126,"column":21},"end":{"line":126,"column":45}},{"start":{"line":126,"column":45},"end":{"line":126,"column":null}}],"line":126},"4":{"loc":{"start":{"line":169,"column":2},"end":{"line":169,"column":null}},"type":"default-arg","locations":[{"start":{"line":169,"column":26},"end":{"line":169,"column":null}}],"line":169},"5":{"loc":{"start":{"line":174,"column":11},"end":{"line":174,"column":null}},"type":"cond-expr","locations":[{"start":{"line":174,"column":30},"end":{"line":174,"column":46}},{"start":{"line":174,"column":46},"end":{"line":174,"column":null}}],"line":174}},"s":{"0":6,"1":16,"2":3,"3":6,"4":13,"5":9,"6":3,"7":5,"8":11,"9":2,"10":5,"11":3,"12":3,"13":3,"14":1,"15":2,"16":3,"17":2,"18":10,"19":6,"20":30,"21":2,"22":10,"23":2,"24":10,"25":10,"26":10,"27":6,"28":6,"29":2,"30":2,"31":3,"32":3,"33":3,"34":2,"35":2,"36":3,"37":3,"38":2,"39":2,"40":1,"41":2,"42":10,"43":5,"44":17,"45":17,"46":17,"47":2,"48":3,"49":3,"50":3,"51":3,"52":9,"53":9,"54":9,"55":9,"56":9,"57":3,"58":2,"59":9,"60":9,"61":4,"62":3},"f":{"0":6,"1":16,"2":3,"3":6,"4":13,"5":9,"6":3,"7":5,"8":11,"9":2,"10":5,"11":3,"12":3,"13":3,"14":2,"15":10,"16":6,"17":30,"18":2,"19":10,"20":2,"21":10,"22":10,"23":6,"24":2,"25":3,"26":2,"27":3,"28":3,"29":2,"30":2,"31":1,"32":2,"33":10,"34":5,"35":17,"36":2,"37":3,"38":3,"39":2,"40":4,"41":3},"b":{"0":[1,2],"1":[10,10],"2":[6,6,6],"3":[3,2],"4":[5],"5":[14,3]},"meta":{"lastBranch":6,"lastFunction":42,"lastStatement":63,"seen":{"f:8:16:8:37":0,"s:9:2:11:Infinity":0,"f:10:12:10:17":1,"s:10:17:10:36":1,"f:11:12:11:13":2,"s:11:24:11:40":2,"f:17:16:17:39":3,"s:18:2:20:Infinity":3,"f:19:12:19:17":4,"s:19:17:19:37":4,"f:20:12:20:13":5,"s:20:24:20:40":5,"f:26:16:26:35":6,"s:27:2:27:Infinity":6,"f:33:16:33:40":7,"s:34:2:34:Infinity":7,"f:34:24:34:25":8,"s:34:36:34:55":8,"f:40:16:40:36":9,"s:41:2:41:Infinity":9,"f:41:24:41:25":10,"s:41:36:41:52":10,"f:47:16:47:41":11,"s:48:20:48:Infinity":11,"s:49:2:49:Infinity":12,"f:55:16:55:43":12,"b:56:2:56:Infinity:undefined:undefined:undefined:undefined":0,"s:56:2:56:Infinity":13,"s:56:30:56:Infinity":14,"s:57:2:57:Infinity":15,"f:63:16:63:35":13,"s:64:2:64:Infinity":16,"f:70:16:70:37":14,"s:71:2:71:Infinity":17,"f:71:24:71:29":15,"s:71:29:71:56":18,"f:77:16:77:42":16,"s:78:2:78:Infinity":19,"f:78:29:78:34":17,"s:78:34:78:61":20,"f:84:16:84:40":18,"s:85:2:85:Infinity":21,"f:85:29:85:34":19,"s:85:34:85:57":22,"f:91:16:91:Infinity":20,"s:96:2:99:Infinity":23,"f:96:29:96:34":21,"s:97:19:97:Infinity":24,"s:98:4:98:Infinity":25,"b:98:11:98:34:98:34:98:Infinity":1,"f:105:16:105:38":22,"s:106:2:113:Infinity":26,"f:106:29:106:34":23,"s:107:19:107:Infinity":27,"s:108:4:111:Infinity":28,"b:109:6:109:Infinity:110:6:110:Infinity:111:6:111:Infinity":2,"f:119:16:119:Infinity":24,"s:122:18:122:Infinity":29,"s:124:2:128:Infinity":30,"f:124:23:124:29":25,"s:125:20:125:Infinity":31,"s:126:21:126:Infinity":32,"b:126:21:126:45:126:45:126:Infinity":3,"s:127:4:127:Infinity":33,"s:130:2:130:Infinity":34,"f:136:16:136:Infinity":26,"s:140:2:142:Infinity":35,"f:141:12:141:17":27,"s:141:17:141:37":36,"f:142:12:142:13":28,"s:142:24:142:40":37,"f:148:16:148:Infinity":29,"s:152:2:154:Infinity":38,"f:153:12:153:17":30,"s:153:17:153:36":39,"f:154:12:154:13":31,"s:154:24:154:40":40,"f:160:16:160:36":32,"s:161:2:161:Infinity":41,"f:161:27:161:32":33,"s:161:32:161:44":42,"f:167:16:167:Infinity":34,"b:169:26:169:Infinity":4,"s:171:2:175:Infinity":43,"f:171:32:171:33":35,"s:172:18:172:Infinity":44,"s:173:18:173:Infinity":45,"s:174:4:174:Infinity":46,"b:174:30:174:46:174:46:174:Infinity":5,"f:181:16:181:38":36,"s:182:2:182:Infinity":47,"f:188:16:188:Infinity":37,"s:192:53:192:Infinity":48,"s:193:16:193:Infinity":49,"s:195:2:209:Infinity":50,"s:195:15:195:25":51,"s:196:17:196:Infinity":52,"s:197:4:197:Infinity":53,"s:198:4:198:Infinity":54,"s:200:28:200:Infinity":55,"s:201:23:203:Infinity":56,"f:202:14:202:19":38,"s:202:19:202:39":57,"f:203:14:203:15":39,"s:203:26:203:42":58,"s:205:4:208:Infinity":59,"s:211:2:211:Infinity":60,"f:217:16:217:37":40,"s:218:2:218:Infinity":61,"f:224:16:224:29":41,"s:225:2:225:Infinity":62}}}
,"C:\\Users\\Siman\\source\\repos\\Simangaliso-Njabulo\\budgeting_app\\src\\utils\\validators.ts": {"path":"C:\\Users\\Siman\\source\\repos\\Simangaliso-Njabulo\\budgeting_app\\src\\utils\\validators.ts","statementMap":{"0":{"start":{"line":7,"column":21},"end":{"line":7,"column":null}},"1":{"start":{"line":8,"column":2},"end":{"line":8,"column":null}},"2":{"start":{"line":23,"column":27},"end":{"line":23,"column":null}},"3":{"start":{"line":24,"column":32},"end":{"line":24,"column":null}},"4":{"start":{"line":25,"column":14},"end":{"line":25,"column":null}},"5":{"start":{"line":28,"column":2},"end":{"line":33,"column":null}},"6":{"start":{"line":29,"column":4},"end":{"line":29,"column":null}},"7":{"start":{"line":31,"column":4},"end":{"line":31,"column":null}},"8":{"start":{"line":32,"column":4},"end":{"line":32,"column":null}},"9":{"start":{"line":32,"column":31},"end":{"line":32,"column":null}},"10":{"start":{"line":36,"column":2},"end":{"line":40,"column":null}},"11":{"start":{"line":37,"column":4},"end":{"line":37,"column":null}},"12":{"start":{"line":39,"column":4},"end":{"line":39,"column":null}},"13":{"start":{"line":43,"column":2},"end":{"line":47,"column":null}},"14":{"start":{"line":44,"column":4},"end":{"line":44,"column":null}},"15":{"start":{"line":46,"column":4},"end":{"line":46,"column":null}},"16":{"start":{"line":50,"column":2},"end":{"line":54,"column":null}},"17":{"start":{"line":51,"column":4},"end":{"line":51,"column":null}},"18":{"start":{"line":53,"column":4},"end":{"line":53,"column":null}},"19":{"start":{"line":57,"column":2},"end":{"line":61,"column":null}},"20":{"start":{"line":58,"column":4},"end":{"line":58,"column":null}},"21":{"start":{"line":60,"column":4},"end":{"line":60,"column":null}},"22":{"start":{"line":63,"column":2},"end":{"line":68,"column":null}},"23":{"start":{"line":75,"column":17},"end":{"line":75,"column":null}},"24":{"start":{"line":76,"column":2},"end":{"line":76,"column":null}},"25":{"start":{"line":83,"column":2},"end":{"line":83,"column":null}},"26":{"start":{"line":90,"column":2},"end":{"line":90,"column":null}},"27":{"start":{"line":97,"column":2},"end":{"line":97,"column":null}},"28":{"start":{"line":104,"column":2},"end":{"line":104,"column":null}},"29":{"start":{"line":111,"column":12},"end":{"line":111,"column":null}},"30":{"start":{"line":112,"column":14},"end":{"line":112,"column":null}},"31":{"start":{"line":113,"column":2},"end":{"line":113,"column":null}},"32":{"start":{"line":124,"column":12},"end":{"line":124,"column":null}},"33":{"start":{"line":125,"column":16},"end":{"line":125,"column":null}},"34":{"start":{"line":126,"column":14},"end":{"line":126,"column":null}},"35":{"start":{"line":128,"column":2},"end":{"line":128,"column":null}},"36":{"start":{"line":146,"column":41},"end":{"line":146,"column":null}},"37":{"start":{"line":148,"column":2},"end":{"line":152,"column":null}},"38":{"start":{"line":149,"column":4},"end":{"line":149,"column":null}},"39":{"start":{"line":150,"column":2},"end":{"line":152,"column":null}},"40":{"start":{"line":151,"column":4},"end":{"line":151,"column":null}},"41":{"start":{"line":154,"column":2},"end":{"line":156,"column":null}},"42":{"start":{"line":155,"column":4},"end":{"line":155,"column":null}},"43":{"start":{"line":158,"column":2},"end":{"line":160,"column":null}},"44":{"start":{"line":159,"column":4},"end":{"line":159,"column":null}},"45":{"start":{"line":162,"column":2},"end":{"line":164,"column":null}},"46":{"start":{"line":163,"column":4},"end":{"line":163,"column":null}},"47":{"start":{"line":166,"column":2},"end":{"line":168,"column":null}},"48":{"start":{"line":167,"column":4},"end":{"line":167,"column":null}},"49":{"start":{"line":170,"column":2},"end":{"line":173,"column":null}},"50":{"start":{"line":184,"column":41},"end":{"line":184,"column":null}},"51":{"start":{"line":186,"column":2},"end":{"line":190,"column":null}},"52":{"start":{"line":187,"column":4},"end":{"line":187,"column":null}},"53":{"start":{"line":188,"column":2},"end":{"line":190,"column":null}},"54":{"start":{"line":189,"column":4},"end":{"line":189,"column":null}},"55":{"start":{"line":192,"column":2},"end":{"line":194,"column":null}},"56":{"start":{"line":193,"column":4},"end":{"line":193,"column":null}},"57":{"start":{"line":196,"column":2},"end":{"line":198,"column":null}},"58":{"start":{"line":197,"column":4},"end":{"line":197,"column":null}},"59":{"start":{"line":200,"column":2},"end":{"line":203,"column":null}},"60":{"start":{"line":214,"column":41},"end":{"line":214,"column":null}},"61":{"start":{"line":216,"column":2},"end":{"line":220,"column":null}},"62":{"start":{"line":217,"column":4},"end":{"line":217,"column":null}},"63":{"start":{"line":218,"column":2},"end":{"line":220,"column":null}},"64":{"start":{"line":219,"column":4},"end":{"line":219,"column":null}},"65":{"start":{"line":222,"column":2},"end":{"line":224,"column":null}},"66":{"start":{"line":223,"column":4},"end":{"line":223,"column":null}},"67":{"start":{"line":226,"column":2},"end":{"line":228,"column":null}},"68":{"start":{"line":227,"column":4},"end":{"line":227,"column":null}},"69":{"start":{"line":230,"column":2},"end":{"line":233,"column":null}}},"fnMap":{"0":{"name":"isValidEmail","decl":{"start":{"line":6,"column":16},"end":{"line":6,"column":29}},"loc":{"start":{"line":6,"column":53},"end":{"line":9,"column":null}},"line":6},"1":{"name":"validatePassword","decl":{"start":{"line":22,"column":16},"end":{"line":22,"column":33}},"loc":{"start":{"line":22,"column":71},"end":{"line":69,"column":null}},"line":22},"2":{"name":"getPasswordStrengthLabel","decl":{"start":{"line":74,"column":16},"end":{"line":74,"column":41}},"loc":{"start":{"line":74,"column":64},"end":{"line":77,"column":null}},"line":74},"3":{"name":"isPositiveNumber","decl":{"start":{"line":82,"column":16},"end":{"line":82,"column":33}},"loc":{"start":{"line":82,"column":57},"end":{"line":84,"column":null}},"line":82},"4":{"name":"isNonNegativeNumber","decl":{"start":{"line":89,"column":16},"end":{"line":89,"column":36}},"loc":{"start":{"line":89,"column":60},"end":{"line":91,"column":null}},"line":89},"5":{"name":"isRequiredString","decl":{"start":{"line":96,"column":16},"end":{"line":96,"column":33}},"loc":{"start":{"line":96,"column":57},"end":{"line":98,"column":null}},"line":96},"6":{"name":"isWithinMaxLength","decl":{"start":{"line":103,"column":16},"end":{"line":103,"column":34}},"loc":{"start":{"line":103,"column":77},"end":{"line":105,"column":null}},"line":103},"7":{"name":"isNotFutureDate","decl":{"start":{"line":110,"column":16},"end":{"line":110,"column":32}},"loc":{"start":{"line":110,"column":62},"end":{"line":114,"column":null}},"line":110},"8":{"name":"isDateInRange","decl":{"start":{"line":119,"column":16},"end":{"line":119,"column":null}},"loc":{"start":{"line":123,"column":11},"end":{"line":129,"column":null}},"line":123},"9":{"name":"validateTransaction","decl":{"start":{"line":139,"column":16},"end":{"line":139,"column":36}},"loc":{"start":{"line":145,"column":26},"end":{"line":174,"column":null}},"line":145},"10":{"name":"validateBucket","decl":{"start":{"line":179,"column":16},"end":{"line":179,"column":31}},"loc":{"start":{"line":183,"column":26},"end":{"line":204,"column":null}},"line":183},"11":{"name":"validateCategory","decl":{"start":{"line":209,"column":16},"end":{"line":209,"column":33}},"loc":{"start":{"line":213,"column":26},"end":{"line":234,"column":null}},"line":213}},"branchMap":{"0":{"loc":{"start":{"line":28,"column":2},"end":{"line":33,"column":null}},"type":"if","locations":[{"start":{"line":28,"column":2},"end":{"line":33,"column":null}},{"start":{"line":30,"column":9},"end":{"line":33,"column":null}}],"line":28},"1":{"loc":{"start":{"line":32,"column":4},"end":{"line":32,"column":null}},"type":"if","locations":[{"start":{"line":32,"column":4},"end":{"line":32,"column":null}},{"start":{},"end":{}}],"line":32},"2":{"loc":{"start":{"line":36,"column":2},"end":{"line":40,"column":null}},"type":"if","locations":[{"start":{"line":36,"column":2},"end":{"line":40,"column":null}},{"start":{"line":38,"column":9},"end":{"line":40,"column":null}}],"line":36},"3":{"loc":{"start":{"line":43,"column":2},"end":{"line":47,"column":null}},"type":"if","locations":[{"start":{"line":43,"column":2},"end":{"line":47,"column":null}},{"start":{"line":45,"column":9},"end":{"line":47,"column":null}}],"line":43},"4":{"loc":{"start":{"line":50,"column":2},"end":{"line":54,"column":null}},"type":"if","locations":[{"start":{"line":50,"column":2},"end":{"line":54,"column":null}},{"start":{"line":52,"column":9},"end":{"line":54,"column":null}}],"line":50},"5":{"loc":{"start":{"line":57,"column":2},"end":{"line":61,"column":null}},"type":"if","locations":[{"start":{"line":57,"column":2},"end":{"line":61,"column":null}},{"start":{"line":59,"column":9},"end":{"line":61,"column":null}}],"line":57},"6":{"loc":{"start":{"line":83,"column":9},"end":{"line":83,"column":null}},"type":"binary-expr","locations":[{"start":{"line":83,"column":9},"end":{"line":83,"column":38}},{"start":{"line":83,"column":38},"end":{"line":83,"column":55}},{"start":{"line":83,"column":55},"end":{"line":83,"column":null}}],"line":83},"7":{"loc":{"start":{"line":90,"column":9},"end":{"line":90,"column":null}},"type":"binary-expr","locations":[{"start":{"line":90,"column":9},"end":{"line":90,"column":38}},{"start":{"line":90,"column":38},"end":{"line":90,"column":55}},{"start":{"line":90,"column":55},"end":{"line":90,"column":null}}],"line":90},"8":{"loc":{"start":{"line":97,"column":9},"end":{"line":97,"column":null}},"type":"binary-expr","locations":[{"start":{"line":97,"column":9},"end":{"line":97,"column":38}},{"start":{"line":97,"column":38},"end":{"line":97,"column":null}}],"line":97},"9":{"loc":{"start":{"line":104,"column":9},"end":{"line":104,"column":null}},"type":"binary-expr","locations":[{"start":{"line":104,"column":9},"end":{"line":104,"column":38}},{"start":{"line":104,"column":38},"end":{"line":104,"column":null}}],"line":104},"10":{"loc":{"start":{"line":111,"column":12},"end":{"line":111,"column":null}},"type":"cond-expr","locations":[{"start":{"line":111,"column":39},"end":{"line":111,"column":56}},{"start":{"line":111,"column":56},"end":{"line":111,"column":null}}],"line":111},"11":{"loc":{"start":{"line":124,"column":12},"end":{"line":124,"column":null}},"type":"cond-expr","locations":[{"start":{"line":124,"column":39},"end":{"line":124,"column":56}},{"start":{"line":124,"column":56},"end":{"line":124,"column":null}}],"line":124},"12":{"loc":{"start":{"line":125,"column":16},"end":{"line":125,"column":null}},"type":"cond-expr","locations":[{"start":{"line":125,"column":48},"end":{"line":125,"column":70}},{"start":{"line":125,"column":70},"end":{"line":125,"column":null}}],"line":125},"13":{"loc":{"start":{"line":126,"column":14},"end":{"line":126,"column":null}},"type":"cond-expr","locations":[{"start":{"line":126,"column":44},"end":{"line":126,"column":64}},{"start":{"line":126,"column":64},"end":{"line":126,"column":null}}],"line":126},"14":{"loc":{"start":{"line":128,"column":9},"end":{"line":128,"column":null}},"type":"binary-expr","locations":[{"start":{"line":128,"column":9},"end":{"line":128,"column":23}},{"start":{"line":128,"column":23},"end":{"line":128,"column":null}}],"line":128},"15":{"loc":{"start":{"line":148,"column":2},"end":{"line":152,"column":null}},"type":"if","locations":[{"start":{"line":148,"column":2},"end":{"line":152,"column":null}},{"start":{"line":150,"column":2},"end":{"line":152,"column":null}}],"line":148},"16":{"loc":{"start":{"line":148,"column":6},"end":{"line":148,"column":64}},"type":"binary-expr","locations":[{"start":{"line":148,"column":6},"end":{"line":148,"column":27}},{"start":{"line":148,"column":27},"end":{"line":148,"column":64}}],"line":148},"17":{"loc":{"start":{"line":150,"column":2},"end":{"line":152,"column":null}},"type":"if","locations":[{"start":{"line":150,"column":2},"end":{"line":152,"column":null}},{"start":{},"end":{}}],"line":150},"18":{"loc":{"start":{"line":154,"column":2},"end":{"line":156,"column":null}},"type":"if","locations":[{"start":{"line":154,"column":2},"end":{"line":156,"column":null}},{"start":{},"end":{}}],"line":154},"19":{"loc":{"start":{"line":154,"column":6},"end":{"line":154,"column":67}},"type":"binary-expr","locations":[{"start":{"line":154,"column":6},"end":{"line":154,"column":35}},{"start":{"line":154,"column":35},"end":{"line":154,"column":67}}],"line":154},"20":{"loc":{"start":{"line":158,"column":2},"end":{"line":160,"column":null}},"type":"if","locations":[{"start":{"line":158,"column":2},"end":{"line":160,"column":null}},{"start":{},"end":{}}],"line":158},"21":{"loc":{"start":{"line":158,"column":6},"end":{"line":158,"column":64}},"type":"binary-expr","locations":[{"start":{"line":158,"column":6},"end":{"line":158,"column":20}},{"start":{"line":158,"column":20},"end":{"line":158,"column":64}}],"line":158},"22":{"loc":{"start":{"line":162,"column":2},"end":{"line":164,"column":null}},"type":"if","locations":[{"start":{"line":162,"column":2},"end":{"line":164,"column":null}},{"start":{},"end":{}}],"line":162},"23":{"loc":{"start":{"line":162,"column":6},"end":{"line":162,"column":62}},"type":"binary-expr","locations":[{"start":{"line":162,"column":6},"end":{"line":162,"column":26}},{"start":{"line":162,"column":26},"end":{"line":162,"column":62}}],"line":162},"24":{"loc":{"start":{"line":166,"column":2},"end":{"line":168,"column":null}},"type":"if","locations":[{"start":{"line":166,"column":2},"end":{"line":168,"column":null}},{"start":{},"end":{}}],"line":166},"25":{"loc":{"start":{"line":186,"column":2},"end":{"line":190,"column":null}},"type":"if","locations":[{"start":{"line":186,"column":2},"end":{"line":190,"column":null}},{"start":{"line":188,"column":2},"end":{"line":190,"column":null}}],"line":186},"26":{"loc":{"start":{"line":186,"column":6},"end":{"line":186,"column":50}},"type":"binary-expr","locations":[{"start":{"line":186,"column":6},"end":{"line":186,"column":20}},{"start":{"line":186,"column":20},"end":{"line":186,"column":50}}],"line":186},"27":{"loc":{"start":{"line":188,"column":2},"end":{"line":190,"column":null}},"type":"if","locations":[{"start":{"line":188,"column":2},"end":{"line":190,"column":null}},{"start":{},"end":{}}],"line":188},"28":{"loc":{"start":{"line":192,"column":2},"end":{"line":194,"column":null}},"type":"if","locations":[{"start":{"line":192,"column":2},"end":{"line":194,"column":null}},{"start":{},"end":{}}],"line":192},"29":{"loc":{"start":{"line":192,"column":6},"end":{"line":192,"column":73}},"type":"binary-expr","locations":[{"start":{"line":192,"column":6},"end":{"line":192,"column":38}},{"start":{"line":192,"column":38},"end":{"line":192,"column":73}}],"line":192},"30":{"loc":{"start":{"line":196,"column":2},"end":{"line":198,"column":null}},"type":"if","locations":[{"start":{"line":196,"column":2},"end":{"line":198,"column":null}},{"start":{},"end":{}}],"line":196},"31":{"loc":{"start":{"line":196,"column":6},"end":{"line":196,"column":62}},"type":"binary-expr","locations":[{"start":{"line":196,"column":6},"end":{"line":196,"column":26}},{"start":{"line":196,"column":26},"end":{"line":196,"column":62}}],"line":196},"32":{"loc":{"start":{"line":216,"column":2},"end":{"line":220,"column":null}},"type":"if","locations":[{"start":{"line":216,"column":2},"end":{"line":220,"column":null}},{"start":{"line":218,"column":2},"end":{"line":220,"column":null}}],"line":216},"33":{"loc":{"start":{"line":216,"column":6},"end":{"line":216,"column":50}},"type":"binary-expr","locations":[{"start":{"line":216,"column":6},"end":{"line":216,"column":20}},{"start":{"line":216,"column":20},"end":{"line":216,"column":50}}],"line":216},"34":{"loc":{"start":{"line":218,"column":2},"end":{"line":220,"column":null}},"type":"if","locations":[{"start":{"line":218,"column":2},"end":{"line":220,"column":null}},{"start":{},"end":{}}],"line":218},"35":{"loc":{"start":{"line":222,"column":2},"end":{"line":224,"column":null}},"type":"if","locations":[{"start":{"line":222,"column":2},"end":{"line":224,"column":null}},{"start":{},"end":{}}],"line":222},"36":{"loc":{"start":{"line":222,"column":6},"end":{"line":222,"column":60}},"type":"binary-expr","locations":[{"start":{"line":222,"column":6},"end":{"line":222,"column":21}},{"start":{"line":222,"column":21},"end":{"line":222,"column":60}}],"line":222},"37":{"loc":{"start":{"line":226,"column":2},"end":{"line":228,"column":null}},"type":"if","locations":[{"start":{"line":226,"column":2},"end":{"line":228,"column":null}},{"start":{},"end":{}}],"line":226},"38":{"loc":{"start":{"line":226,"column":6},"end":{"line":226,"column":72}},"type":"binary-expr","locations":[{"start":{"line":226,"column":6},"end":{"line":226,"column":20}},{"start":{"line":226,"column":20},"end":{"line":226,"column":72}}],"line":226}},"s":{"0":10,"1":10,"2":13,"3":13,"4":13,"5":13,"6":1,"7":12,"8":12,"9":6,"10":13,"11":2,"12":11,"13":13,"14":1,"15":12,"16":13,"17":1,"18":12,"19":13,"20":2,"21":11,"22":13,"23":7,"24":7,"25":22,"26":6,"27":42,"28":28,"29":5,"30":5,"31":5,"32":5,"33":5,"34":5,"35":5,"36":10,"37":10,"38":1,"39":9,"40":1,"41":10,"42":2,"43":10,"44":1,"45":10,"46":1,"47":10,"48":1,"49":10,"50":5,"51":5,"52":1,"53":4,"54":1,"55":5,"56":1,"57":5,"58":1,"59":5,"60":12,"61":12,"62":1,"63":11,"64":0,"65":12,"66":3,"67":12,"68":1,"69":12},"f":{"0":10,"1":13,"2":7,"3":22,"4":6,"5":42,"6":28,"7":5,"8":5,"9":10,"10":5,"11":12},"b":{"0":[1,12],"1":[6,6],"2":[2,11],"3":[1,12],"4":[1,12],"5":[2,11],"6":[22,22,21],"7":[6,6,5],"8":[42,42],"9":[28,28],"10":[2,3],"11":[0,5],"12":[0,5],"13":[0,5],"14":[5,4],"15":[1,9],"16":[10,9],"17":[1,8],"18":[2,8],"19":[10,10],"20":[1,9],"21":[10,10],"22":[1,9],"23":[10,9],"24":[1,9],"25":[1,4],"26":[5,4],"27":[1,3],"28":[1,4],"29":[5,5],"30":[1,4],"31":[5,4],"32":[1,11],"33":[12,11],"34":[0,11],"35":[3,9],"36":[12,12],"37":[1,11],"38":[12,12]},"meta":{"lastBranch":39,"lastFunction":12,"lastStatement":70,"seen":{"f:6:16:6:29":0,"s:7:21:7:Infinity":0,"s:8:2:8:Infinity":1,"f:22:16:22:33":1,"s:23:27:23:Infinity":2,"s:24:32:24:Infinity":3,"s:25:14:25:Infinity":4,"b:28:2:33:Infinity:30:9:33:Infinity":0,"s:28:2:33:Infinity":5,"s:29:4:29:Infinity":6,"s:31:4:31:Infinity":7,"b:32:4:32:Infinity:undefined:undefined:undefined:undefined":1,"s:32:4:32:Infinity":8,"s:32:31:32:Infinity":9,"b:36:2:40:Infinity:38:9:40:Infinity":2,"s:36:2:40:Infinity":10,"s:37:4:37:Infinity":11,"s:39:4:39:Infinity":12,"b:43:2:47:Infinity:45:9:47:Infinity":3,"s:43:2:47:Infinity":13,"s:44:4:44:Infinity":14,"s:46:4:46:Infinity":15,"b:50:2:54:Infinity:52:9:54:Infinity":4,"s:50:2:54:Infinity":16,"s:51:4:51:Infinity":17,"s:53:4:53:Infinity":18,"b:57:2:61:Infinity:59:9:61:Infinity":5,"s:57:2:61:Infinity":19,"s:58:4:58:Infinity":20,"s:60:4:60:Infinity":21,"s:63:2:68:Infinity":22,"f:74:16:74:41":2,"s:75:17:75:Infinity":23,"s:76:2:76:Infinity":24,"f:82:16:82:33":3,"s:83:2:83:Infinity":25,"b:83:9:83:38:83:38:83:55:83:55:83:Infinity":6,"f:89:16:89:36":4,"s:90:2:90:Infinity":26,"b:90:9:90:38:90:38:90:55:90:55:90:Infinity":7,"f:96:16:96:33":5,"s:97:2:97:Infinity":27,"b:97:9:97:38:97:38:97:Infinity":8,"f:103:16:103:34":6,"s:104:2:104:Infinity":28,"b:104:9:104:38:104:38:104:Infinity":9,"f:110:16:110:32":7,"s:111:12:111:Infinity":29,"b:111:39:111:56:111:56:111:Infinity":10,"s:112:14:112:Infinity":30,"s:113:2:113:Infinity":31,"f:119:16:119:Infinity":8,"s:124:12:124:Infinity":32,"b:124:39:124:56:124:56:124:Infinity":11,"s:125:16:125:Infinity":33,"b:125:48:125:70:125:70:125:Infinity":12,"s:126:14:126:Infinity":34,"b:126:44:126:64:126:64:126:Infinity":13,"s:128:2:128:Infinity":35,"b:128:9:128:23:128:23:128:Infinity":14,"f:139:16:139:36":9,"s:146:41:146:Infinity":36,"b:148:2:152:Infinity:150:2:152:Infinity":15,"s:148:2:152:Infinity":37,"b:148:6:148:27:148:27:148:64":16,"s:149:4:149:Infinity":38,"b:150:2:152:Infinity:undefined:undefined:undefined:undefined":17,"s:150:2:152:Infinity":39,"s:151:4:151:Infinity":40,"b:154:2:156:Infinity:undefined:undefined:undefined:undefined":18,"s:154:2:156:Infinity":41,"b:154:6:154:35:154:35:154:67":19,"s:155:4:155:Infinity":42,"b:158:2:160:Infinity:undefined:undefined:undefined:undefined":20,"s:158:2:160:Infinity":43,"b:158:6:158:20:158:20:158:64":21,"s:159:4:159:Infinity":44,"b:162:2:164:Infinity:undefined:undefined:undefined:undefined":22,"s:162:2:164:Infinity":45,"b:162:6:162:26:162:26:162:62":23,"s:163:4:163:Infinity":46,"b:166:2:168:Infinity:undefined:undefined:undefined:undefined":24,"s:166:2:168:Infinity":47,"s:167:4:167:Infinity":48,"s:170:2:173:Infinity":49,"f:179:16:179:31":10,"s:184:41:184:Infinity":50,"b:186:2:190:Infinity:188:2:190:Infinity":25,"s:186:2:190:Infinity":51,"b:186:6:186:20:186:20:186:50":26,"s:187:4:187:Infinity":52,"b:188:2:190:Infinity:undefined:undefined:undefined:undefined":27,"s:188:2:190:Infinity":53,"s:189:4:189:Infinity":54,"b:192:2:194:Infinity:undefined:undefined:undefined:undefined":28,"s:192:2:194:Infinity":55,"b:192:6:192:38:192:38:192:73":29,"s:193:4:193:Infinity":56,"b:196:2:198:Infinity:undefined:undefined:undefined:undefined":30,"s:196:2:198:Infinity":57,"b:196:6:196:26:196:26:196:62":31,"s:197:4:197:Infinity":58,"s:200:2:203:Infinity":59,"f:209:16:209:33":11,"s:214:41:214:Infinity":60,"b:216:2:220:Infinity:218:2:220:Infinity":32,"s:216:2:220:Infinity":61,"b:216:6:216:20:216:20:216:50":33,"s:217:4:217:Infinity":62,"b:218:2:220:Infinity:undefined:undefined:undefined:undefined":34,"s:218:2:220:Infinity":63,"s:219:4:219:Infinity":64,"b:222:2:224:Infinity:undefined:undefined:undefined:undefined":35,"s:222:2:224:Infinity":65,"b:222:6:222:21:222:21:222:60":36,"s:223:4:223:Infinity":66,"b:226:2:228:Infinity:undefined:undefined:undefined:undefined":37,"s:226:2:228:Infinity":67,"b:226:6:226:20:226:20:226:72":38,"s:227:4:227:Infinity":68,"s:230:2:233:Infinity":69}}}
}
